<?xml version="1.0" encoding="UTF-8"?>
<testsuite xmlns:xsi="http://www.w3.org/2001/XMLSchema-instance" xsi:noNamespaceSchemaLocation="https://maven.apache.org/surefire/maven-surefire-plugin/xsd/surefire-test-report-3.0.xsd" version="3.0" name="guru.springframework.msscbrewery.MsscBreweryApplicationTests" time="3.274" tests="1" errors="0" skipped="0" failures="0">
  <properties>
[...]
</properties>
  <testcase name="contextLoads" classname="guru.springframework.msscbrewery.MsscBreweryApplicationTests" time="0.778">
    <system-out><![CDATA[17:00:39.141 [main] INFO org.springframework.test.context.support.AnnotationConfigContextLoaderUtils -- Could not detect default configuration classes for test class [guru.springframework.msscbrewery.MsscBreweryApplicationTests]: MsscBreweryApplicationTests does not declare any static, non-private, non-final, nested classes annotated with @Configuration.
17:00:39.236 [main] INFO org.springframework.boot.test.context.SpringBootTestContextBootstrapper -- Found @SpringBootConfiguration guru.springframework.msscbrewery.MsscBreweryApplication for test class guru.springframework.msscbrewery.MsscBreweryApplicationTests
17:00:39.446 [main] INFO org.springframework.boot.devtools.restart.RestartApplicationListener -- Restart disabled due to context in which it is running

  .   ____          _            __ _ _
 /\\ / ___'_ __ _ _(_)_ __  __ _ \ \ \ \
( ( )\___ | '_ | '_| | '_ \/ _` | \ \ \ \
 \\/  ___)| |_)| | | | | || (_| |  ) ) ) )
  '  |____| .__|_| |_|_| |_\__, | / / / /
 =========|_|==============|___/=/_/_/_/

 :: Spring Boot ::                (v3.3.3)

2024-09-10T17:00:39.667-04:00  INFO 33352 --- [           main] g.s.m.MsscBreweryApplicationTests        : Starting MsscBreweryApplicationTests using Java 21.0.4 with PID 33352 (started by Jac01 in c:\Users\Jac01\OneDrive\Documents\GitHub\mssc-brewery)
2024-09-10T17:00:39.668-04:00  INFO 33352 --- [           main] g.s.m.MsscBreweryApplicationTests        : No active profile set, falling back to 1 default profile: "default"
2024-09-10T17:00:41.317-04:00  INFO 33352 --- [           main] o.s.b.a.e.web.EndpointLinksResolver      : Exposing 1 endpoint beneath base path '/actuator'
2024-09-10T17:00:41.381-04:00  INFO 33352 --- [           main] g.s.m.MsscBreweryApplicationTests        : Started MsscBreweryApplicationTests in 1.952 seconds (process running for 2.908)
]]></system-out>
    <system-err><![CDATA[WARNING: A Java agent has been loaded dynamically (C:\Users\Jac01\.m2\repository\net\bytebuddy\byte-buddy-agent\1.14.19\byte-buddy-agent-1.14.19.jar)
WARNING: If a serviceability tool is in use, please run with -XX:+EnableDynamicAgentLoading to hide this warning
WARNING: If a serviceability tool is not in use, please run with -Djdk.instrument.traceUsage for more information
WARNING: Dynamic loading of agents will be disallowed by default in a future release
]]></system-err>
  </testcase>
</testsuite>